Converting x to matrix.
3206 genes, 100 cells
starting worker pid=55073 on localhost:11914 at 22:39:43.440
starting worker pid=55129 on localhost:11914 at 22:39:44.257
starting worker pid=55188 on localhost:11914 at 22:39:44.799
starting worker pid=55214 on localhost:11914 at 22:39:45.442
starting worker pid=55269 on localhost:11914 at 22:39:46.137
starting worker pid=55315 on localhost:11914 at 22:39:46.695
starting worker pid=55349 on localhost:11914 at 22:39:47.534
starting worker pid=55403 on localhost:11914 at 22:39:48.356
starting worker pid=55464 on localhost:11914 at 22:39:49.183
starting worker pid=55516 on localhost:11914 at 22:39:49.987
starting worker pid=55562 on localhost:11914 at 22:39:50.778
starting worker pid=55605 on localhost:11914 at 22:39:51.290
starting worker pid=55660 on localhost:11914 at 22:39:52.007
starting worker pid=55698 on localhost:11914 at 22:39:52.858
starting worker pid=55750 on localhost:11914 at 22:39:53.675
starting worker pid=55799 on localhost:11914 at 22:39:54.478
starting worker pid=55864 on localhost:11914 at 22:39:55.286
starting worker pid=55920 on localhost:11914 at 22:39:55.835
starting worker pid=55946 on localhost:11914 at 22:39:56.540
starting worker pid=56001 on localhost:11914 at 22:39:57.381
Running SAVER with 20 worker(s)
Calculating predictions for 3206 genes using 3206 genes and 100 cells...
Start time: 2019-09-09 22:39:57
Estimating finish time...
Loading required package: SAVER
Loading required package: SAVER
loaded SAVER and set parent environment
loaded SAVER and set parent environment
Loading required package: SAVER
Loading required package: SAVER
loaded SAVER and set parent environment
Loading required package: SAVER
loaded SAVER and set parent environment
Loading required package: SAVER
loaded SAVER and set parent environment
Loading required package: SAVER
loaded SAVER and set parent environment
Loading required package: SAVER
loaded SAVER and set parent environment
loaded SAVER and set parent environment
Loading required package: SAVER
Loading required package: SAVER
Loading required package: SAVER
loaded SAVER and set parent environment
loaded SAVER and set parent environment
loaded SAVER and set parent environment
Loading required package: SAVER
loaded SAVER and set parent environment
Loading required package: SAVER
Loading required package: SAVER
loaded SAVER and set parent environment
loaded SAVER and set parent environment
Loading required package: SAVER
Loading required package: SAVER
loaded SAVER and set parent environment
loaded SAVER and set parent environment
Loading required package: SAVER
Loading required package: SAVER
loaded SAVER and set parent environment
Loading required package: SAVER
loaded SAVER and set parent environment
Loading required package: SAVER
loaded SAVER and set parent environment
loaded SAVER and set parent environment
Finished 20/3206 genes. Approximate finish time: 2019-09-09 22:40:24
Calculating max cor cutoff...
loaded SAVER and set parent environment
loaded SAVER and set parent environment
loaded SAVER and set parent environment
loaded SAVER and set parent environment
loaded SAVER and set parent environment
loaded SAVER and set parent environment
loaded SAVER and set parent environment
loaded SAVER and set parent environment
loaded SAVER and set parent environment
loaded SAVER and set parent environment
loaded SAVER and set parent environment
loaded SAVER and set parent environment
loaded SAVER and set parent environment
loaded SAVER and set parent environment
loaded SAVER and set parent environment
loaded SAVER and set parent environment
loaded SAVER and set parent environment
loaded SAVER and set parent environment
loaded SAVER and set parent environment
loaded SAVER and set parent environment
Finished 100/3206 genes. Approximate finish time: 2019-09-09 22:40:11
Calculating lambda coefficients...
loaded SAVER and set parent environment
loaded SAVER and set parent environment
loaded SAVER and set parent environment
loaded SAVER and set parent environment
loaded SAVER and set parent environment
loaded SAVER and set parent environment
loaded SAVER and set parent environment
loaded SAVER and set parent environment
loaded SAVER and set parent environment
loaded SAVER and set parent environment
loaded SAVER and set parent environment
loaded SAVER and set parent environment
loaded SAVER and set parent environment
loaded SAVER and set parent environment
loaded SAVER and set parent environment
loaded SAVER and set parent environment
loaded SAVER and set parent environment
loaded SAVER and set parent environment
loaded SAVER and set parent environment
loaded SAVER and set parent environment
Finished 577/3206 genes. Approximate finish time: 2019-09-09 22:40:10
Predicting remaining genes...
loaded SAVER and set parent environment
loaded SAVER and set parent environment
loaded SAVER and set parent environment
loaded SAVER and set parent environment
loaded SAVER and set parent environment
loaded SAVER and set parent environment
loaded SAVER and set parent environment
loaded SAVER and set parent environment
loaded SAVER and set parent environment
loaded SAVER and set parent environment
loaded SAVER and set parent environment
loaded SAVER and set parent environment
loaded SAVER and set parent environment
loaded SAVER and set parent environment
loaded SAVER and set parent environment
loaded SAVER and set parent environment
loaded SAVER and set parent environment
loaded SAVER and set parent environment
loaded SAVER and set parent environment
loaded SAVER and set parent environment
Finished 1235/3206 genes. Approximate finish time: 2019-09-09 22:40:12
Predicting remaining genes...
loaded SAVER and set parent environment
loaded SAVER and set parent environment
loaded SAVER and set parent environment
loaded SAVER and set parent environment
loaded SAVER and set parent environment
loaded SAVER and set parent environment
loaded SAVER and set parent environment
loaded SAVER and set parent environment
loaded SAVER and set parent environment
loaded SAVER and set parent environment
loaded SAVER and set parent environment
loaded SAVER and set parent environment
loaded SAVER and set parent environment
loaded SAVER and set parent environment
loaded SAVER and set parent environment
loaded SAVER and set parent environment
loaded SAVER and set parent environment
loaded SAVER and set parent environment
loaded SAVER and set parent environment
loaded SAVER and set parent environment
Done!
Finish time: 2019-09-09 22:40:11
Total time: 13.82516 secs
Warning message:
In clean.data(x) : Make sure x is numeric.
pkill: killing pid 308 failed: Operation not permitted
