Sep-09 22:39:00.947 [main] DEBUG nextflow.cli.Launcher - $> nextflow wrapper.nf
Sep-09 22:39:01.041 [main] INFO  nextflow.cli.CmdRun - N E X T F L O W  ~  version 19.07.0
Sep-09 22:39:01.051 [main] INFO  nextflow.cli.CmdRun - Launching `wrapper.nf` [spontaneous_meninsky] - revision: 5d3ab1695c
Sep-09 22:39:01.061 [main] DEBUG nextflow.config.ConfigBuilder - Found config local: /home/carisdak/deepimpute_paper_scripts/speed_memory/nextflow.config
Sep-09 22:39:01.062 [main] DEBUG nextflow.config.ConfigBuilder - Parsing config file: /home/carisdak/deepimpute_paper_scripts/speed_memory/nextflow.config
Sep-09 22:39:01.086 [main] DEBUG nextflow.config.ConfigBuilder - Applying config profile: `standard`
Sep-09 22:39:01.584 [main] DEBUG nextflow.Session - Session uuid: e81e7898-2d49-4e64-a11f-5050213f99b5
Sep-09 22:39:01.585 [main] DEBUG nextflow.Session - Run name: spontaneous_meninsky
Sep-09 22:39:01.585 [main] DEBUG nextflow.Session - Executor pool size: 56
Sep-09 22:39:01.597 [main] DEBUG nextflow.cli.CmdRun - 
  Version: 19.07.0 build 5106
  Created: 27-07-2019 13:22 UTC (03:22 HDT)
  System: Linux 4.4.0-140-generic
  Runtime: Groovy 2.5.6 on Java HotSpot(TM) 64-Bit Server VM 1.8.0_171-b11
  Encoding: UTF-8 (UTF-8)
  Process: 52270@rna2 [10.0.1.206]
  CPUs: 56 - Mem: 251.8 GB (115.5 GB) - Swap: 255.9 GB (253.9 GB)
Sep-09 22:39:01.650 [main] DEBUG nextflow.Session - Work-dir: /home/carisdak/deepimpute_paper_scripts/speed_memory/work [ext2/ext3]
Sep-09 22:39:01.650 [main] DEBUG nextflow.Session - Script base path does not exist or is not a directory: /home/carisdak/deepimpute_paper_scripts/speed_memory/bin
Sep-09 22:39:01.827 [main] DEBUG nextflow.Session - Session start invoked
Sep-09 22:39:02.133 [main] DEBUG nextflow.script.ScriptRunner - > Launching execution
Sep-09 22:39:02.222 [main] DEBUG nextflow.executor.ExecutorFactory - << taskConfig executor: local
Sep-09 22:39:02.222 [main] DEBUG nextflow.executor.ExecutorFactory - >> processorType: 'local'
Sep-09 22:39:02.226 [main] DEBUG nextflow.executor.Executor - [warm up] executor > local
Sep-09 22:39:02.229 [main] DEBUG n.processor.LocalPollingMonitor - Creating local task monitor for executor 'local' > cpus=56; memory=251.8 GB; capacity=10; pollInterval=100ms; dumpInterval=5m
Sep-09 22:39:02.479 [main] DEBUG nextflow.processor.TaskProcessor - Creating *combiner* operator for each param(s) at index(es): [0, 1, 2]
Sep-09 22:39:02.510 [main] DEBUG nextflow.processor.TaskProcessor - Creating operator > RscriptRunner -- maxForks: 56
Sep-09 22:39:02.546 [main] DEBUG nextflow.executor.ExecutorFactory - << taskConfig executor: local
Sep-09 22:39:02.546 [main] DEBUG nextflow.executor.ExecutorFactory - >> processorType: 'local'
Sep-09 22:39:02.551 [main] DEBUG nextflow.processor.TaskProcessor - Creating *combiner* operator for each param(s) at index(es): [0, 1, 2]
Sep-09 22:39:02.552 [main] DEBUG nextflow.processor.TaskProcessor - Creating operator > PythonRunner -- maxForks: 56
Sep-09 22:39:02.599 [main] DEBUG nextflow.executor.ExecutorFactory - << taskConfig executor: local
Sep-09 22:39:02.600 [main] DEBUG nextflow.executor.ExecutorFactory - >> processorType: 'local'
Sep-09 22:39:02.601 [main] DEBUG nextflow.processor.TaskProcessor - Creating operator > SummaryFiles -- maxForks: 56
Sep-09 22:39:02.603 [main] DEBUG nextflow.script.ScriptRunner - > Await termination 
Sep-09 22:39:02.603 [main] DEBUG nextflow.Session - Session await
Sep-09 22:39:02.748 [Task submitter] DEBUG nextflow.executor.LocalTaskHandler - Launch cmd line: /bin/bash -ue .command.run
Sep-09 22:39:02.756 [Task submitter] INFO  nextflow.Session - [4b/bc04b1] Submitted process > PythonRunner (magic_500)
Sep-09 22:39:02.775 [Task submitter] DEBUG nextflow.executor.LocalTaskHandler - Launch cmd line: /bin/bash -ue .command.run
Sep-09 22:39:02.776 [Task submitter] INFO  nextflow.Session - [49/db3593] Submitted process > RscriptRunner (SAVER_500)
Sep-09 22:39:07.987 [Task monitor] DEBUG n.processor.TaskPollingMonitor - Task completed > TaskHandler[id: 8; name: PythonRunner (magic_500); status: COMPLETED; exit: 0; error: -; workDir: /home/carisdak/deepimpute_paper_scripts/speed_memory/work/4b/bc04b183db16085d5b66a10cee2c3c]
Sep-09 22:39:07.992 [Task submitter] DEBUG nextflow.executor.LocalTaskHandler - Launch cmd line: /bin/bash -ue .command.run
Sep-09 22:39:07.993 [Task submitter] INFO  nextflow.Session - [63/878eda] Submitted process > RscriptRunner (SAVER_100)
Sep-09 22:39:08.034 [Task monitor] DEBUG n.util.BlockingThreadExecutorFactory - Thread pool name=FileTransfer; maxThreads=168; maxQueueSize=504; keepAlive=1m
Sep-09 22:39:40.715 [Task monitor] DEBUG n.processor.TaskPollingMonitor - Task completed > TaskHandler[id: 1; name: RscriptRunner (SAVER_100); status: COMPLETED; exit: 0; error: -; workDir: /home/carisdak/deepimpute_paper_scripts/speed_memory/work/63/878edad78d6283694422207c830cd9]
Sep-09 22:39:40.720 [Task submitter] DEBUG nextflow.executor.LocalTaskHandler - Launch cmd line: /bin/bash -ue .command.run
Sep-09 22:39:40.720 [Task submitter] INFO  nextflow.Session - [44/f27f5e] Submitted process > RscriptRunner (SAVER_100)
Sep-09 22:40:11.884 [Task monitor] DEBUG n.processor.TaskPollingMonitor - Task completed > TaskHandler[id: 3; name: RscriptRunner (SAVER_100); status: COMPLETED; exit: 0; error: -; workDir: /home/carisdak/deepimpute_paper_scripts/speed_memory/work/44/f27f5e99e3ea51df9f78240865df7b]
Sep-09 22:40:11.887 [Task submitter] DEBUG nextflow.executor.LocalTaskHandler - Launch cmd line: /bin/bash -ue .command.run
Sep-09 22:40:11.888 [Task submitter] INFO  nextflow.Session - [9f/92518e] Submitted process > PythonRunner (magic_500)
Sep-09 22:40:17.098 [Task monitor] DEBUG n.processor.TaskPollingMonitor - Task completed > TaskHandler[id: 6; name: PythonRunner (magic_500); status: COMPLETED; exit: 0; error: -; workDir: /home/carisdak/deepimpute_paper_scripts/speed_memory/work/9f/92518e26bcccd6581d3b025debc8e2]
Sep-09 22:40:17.101 [Task submitter] DEBUG nextflow.executor.LocalTaskHandler - Launch cmd line: /bin/bash -ue .command.run
Sep-09 22:40:17.102 [Task submitter] INFO  nextflow.Session - [61/7f9dae] Submitted process > PythonRunner (magic_100)
Sep-09 22:40:20.280 [Task monitor] DEBUG n.processor.TaskPollingMonitor - Task completed > TaskHandler[id: 5; name: PythonRunner (magic_100); status: COMPLETED; exit: 0; error: -; workDir: /home/carisdak/deepimpute_paper_scripts/speed_memory/work/61/7f9dae7619f37e358e087e6bc18d60]
Sep-09 22:40:20.282 [Task submitter] DEBUG nextflow.executor.LocalTaskHandler - Launch cmd line: /bin/bash -ue .command.run
Sep-09 22:40:20.282 [Task submitter] INFO  nextflow.Session - [d9/4c7744] Submitted process > RscriptRunner (SAVER_500)
Sep-09 22:40:33.234 [Task monitor] DEBUG n.processor.TaskPollingMonitor - Task completed > TaskHandler[id: 4; name: RscriptRunner (SAVER_500); status: COMPLETED; exit: 0; error: -; workDir: /home/carisdak/deepimpute_paper_scripts/speed_memory/work/49/db3593f8727410352b2c1cf5b276b6]
Sep-09 22:40:33.238 [Task submitter] DEBUG nextflow.executor.LocalTaskHandler - Launch cmd line: /bin/bash -ue .command.run
Sep-09 22:40:33.239 [Task submitter] INFO  nextflow.Session - [41/11c84a] Submitted process > PythonRunner (magic_100)
Sep-09 22:40:35.877 [Task monitor] DEBUG n.processor.TaskPollingMonitor - Task completed > TaskHandler[id: 7; name: PythonRunner (magic_100); status: COMPLETED; exit: 0; error: -; workDir: /home/carisdak/deepimpute_paper_scripts/speed_memory/work/41/11c84a065e2cf198cda0dcee80a740]
Sep-09 22:41:40.739 [Task monitor] DEBUG n.processor.TaskPollingMonitor - Task completed > TaskHandler[id: 2; name: RscriptRunner (SAVER_500); status: COMPLETED; exit: 0; error: -; workDir: /home/carisdak/deepimpute_paper_scripts/speed_memory/work/d9/4c7744830161dc41405144637856d2]
Sep-09 22:41:40.798 [Task submitter] DEBUG nextflow.executor.LocalTaskHandler - Launch cmd line: /bin/bash -ue .command.run
Sep-09 22:41:40.798 [Task submitter] INFO  nextflow.Session - [b2/d6b96b] Submitted process > SummaryFiles
Sep-09 22:41:41.987 [Task monitor] DEBUG n.processor.TaskPollingMonitor - Task completed > TaskHandler[id: 9; name: SummaryFiles; status: COMPLETED; exit: 0; error: -; workDir: /home/carisdak/deepimpute_paper_scripts/speed_memory/work/b2/d6b96bb9895605f2c466e4da546d52]
Sep-09 22:41:41.992 [main] DEBUG nextflow.Session - Session await > all process finished
Sep-09 22:41:41.993 [main] DEBUG nextflow.Session - Session await > all barriers passed
Sep-09 22:41:42.003 [main] DEBUG nextflow.trace.StatsObserver - Workflow completed > WorkflowStats[succeedCount=9; failedCount=0; ignoredCount=0; cachedCount=0; succeedDuration=1h 23m 51s; failedDuration=0ms; cachedDuration=0ms]
Sep-09 22:41:42.217 [main] DEBUG nextflow.CacheDB - Closing CacheDB done
Sep-09 22:41:42.253 [main] DEBUG nextflow.script.ScriptRunner - > Execution complete -- Goodbye
