Converting x to matrix.
3206 genes, 500 cells
starting worker pid=57198 on localhost:11909 at 22:40:23.659
starting worker pid=57247 on localhost:11909 at 22:40:24.374
starting worker pid=57312 on localhost:11909 at 22:40:25.235
starting worker pid=57360 on localhost:11909 at 22:40:25.806
starting worker pid=57413 on localhost:11909 at 22:40:26.388
starting worker pid=57467 on localhost:11909 at 22:40:26.892
starting worker pid=57502 on localhost:11909 at 22:40:27.398
starting worker pid=57547 on localhost:11909 at 22:40:28.037
starting worker pid=57857 on localhost:11909 at 22:40:28.580
starting worker pid=57917 on localhost:11909 at 22:40:29.160
starting worker pid=57958 on localhost:11909 at 22:40:29.732
starting worker pid=58003 on localhost:11909 at 22:40:30.539
starting worker pid=58058 on localhost:11909 at 22:40:31.189
starting worker pid=58102 on localhost:11909 at 22:40:31.718
starting worker pid=58138 on localhost:11909 at 22:40:32.294
starting worker pid=58230 on localhost:11909 at 22:40:32.816
starting worker pid=58259 on localhost:11909 at 22:40:33.409
starting worker pid=58347 on localhost:11909 at 22:40:33.966
starting worker pid=58390 on localhost:11909 at 22:40:34.469
starting worker pid=58436 on localhost:11909 at 22:40:34.949
Running SAVER with 20 worker(s)
Calculating predictions for 3206 genes using 3206 genes and 500 cells...
Start time: 2019-09-09 22:40:35
Estimating finish time...
Loading required package: SAVER
loaded SAVER and set parent environment
Loading required package: SAVER
loaded SAVER and set parent environment
Loading required package: SAVER
loaded SAVER and set parent environment
Loading required package: SAVER
loaded SAVER and set parent environment
Loading required package: SAVER
loaded SAVER and set parent environment
Loading required package: SAVER
loaded SAVER and set parent environment
Loading required package: SAVER
loaded SAVER and set parent environment
Loading required package: SAVER
Loading required package: SAVER
loaded SAVER and set parent environment
loaded SAVER and set parent environment
Loading required package: SAVER
loaded SAVER and set parent environment
Loading required package: SAVER
loaded SAVER and set parent environment
Loading required package: SAVER
loaded SAVER and set parent environment
Loading required package: SAVER
loaded SAVER and set parent environment
Loading required package: SAVER
loaded SAVER and set parent environment
Loading required package: SAVER
loaded SAVER and set parent environment
Loading required package: SAVER
loaded SAVER and set parent environment
Loading required package: SAVER
loaded SAVER and set parent environment
Loading required package: SAVER
Loading required package: SAVER
loaded SAVER and set parent environment
loaded SAVER and set parent environment
Loading required package: SAVER
loaded SAVER and set parent environment
Finished 20/3206 genes. Approximate finish time: 2019-09-09 22:41:32
Calculating max cor cutoff...
loaded SAVER and set parent environment
loaded SAVER and set parent environment
loaded SAVER and set parent environment
loaded SAVER and set parent environment
loaded SAVER and set parent environment
loaded SAVER and set parent environment
loaded SAVER and set parent environment
loaded SAVER and set parent environment
loaded SAVER and set parent environment
loaded SAVER and set parent environment
loaded SAVER and set parent environment
loaded SAVER and set parent environment
loaded SAVER and set parent environment
loaded SAVER and set parent environment
loaded SAVER and set parent environment
loaded SAVER and set parent environment
loaded SAVER and set parent environment
loaded SAVER and set parent environment
loaded SAVER and set parent environment
loaded SAVER and set parent environment
Finished 100/3206 genes. Approximate finish time: 2019-09-09 22:41:36
Calculating lambda coefficients...
loaded SAVER and set parent environment
loaded SAVER and set parent environment
loaded SAVER and set parent environment
loaded SAVER and set parent environment
loaded SAVER and set parent environment
loaded SAVER and set parent environment
loaded SAVER and set parent environment
loaded SAVER and set parent environment
loaded SAVER and set parent environment
loaded SAVER and set parent environment
loaded SAVER and set parent environment
loaded SAVER and set parent environment
loaded SAVER and set parent environment
loaded SAVER and set parent environment
loaded SAVER and set parent environment
loaded SAVER and set parent environment
loaded SAVER and set parent environment
loaded SAVER and set parent environment
loaded SAVER and set parent environment
loaded SAVER and set parent environment
Finished 289/3206 genes. Approximate finish time: 2019-09-09 22:41:41
Predicting remaining genes...
loaded SAVER and set parent environment
loaded SAVER and set parent environment
loaded SAVER and set parent environment
loaded SAVER and set parent environment
loaded SAVER and set parent environment
loaded SAVER and set parent environment
loaded SAVER and set parent environment
loaded SAVER and set parent environment
loaded SAVER and set parent environment
loaded SAVER and set parent environment
loaded SAVER and set parent environment
loaded SAVER and set parent environment
loaded SAVER and set parent environment
loaded SAVER and set parent environment
loaded SAVER and set parent environment
loaded SAVER and set parent environment
loaded SAVER and set parent environment
loaded SAVER and set parent environment
loaded SAVER and set parent environment
loaded SAVER and set parent environment
Finished 1019/3206 genes. Approximate finish time: 2019-09-09 22:41:42
Predicting remaining genes...
loaded SAVER and set parent environment
loaded SAVER and set parent environment
loaded SAVER and set parent environment
loaded SAVER and set parent environment
loaded SAVER and set parent environment
loaded SAVER and set parent environment
loaded SAVER and set parent environment
loaded SAVER and set parent environment
loaded SAVER and set parent environment
loaded SAVER and set parent environment
loaded SAVER and set parent environment
loaded SAVER and set parent environment
loaded SAVER and set parent environment
loaded SAVER and set parent environment
loaded SAVER and set parent environment
loaded SAVER and set parent environment
loaded SAVER and set parent environment
loaded SAVER and set parent environment
loaded SAVER and set parent environment
loaded SAVER and set parent environment
Done!
Finish time: 2019-09-09 22:41:39
Total time: 1.05715 mins
Warning message:
In clean.data(x) : Make sure x is numeric.
/home/carisdak/deepimpute_paper_scripts/speed_memory/work/d9/4c7744830161dc41405144637856d2/.command.sh: line 3: 57095 Terminated              nohup vmstat 1 10000 > vmstats_SAVER_500_2.txt
pkill: killing pid 308 failed: Operation not permitted
